Base path: 'C:/Program Files/Unity/Hub/Editor/2019.3.4f1/Editor/Data', plugins path 'C:/Program Files/Unity/Hub/Editor/2019.3.4f1/Editor/Data/PlaybackEngines'
Cmd: initializeCompiler
Cmd: preprocess
  insize=48386 outsize=2295 ok=1
Cmd: preprocess
  insize=811 outsize=209 ok=1
Cmd: preprocess
  insize=811 outsize=209 ok=1
Cmd: preprocess
  insize=811 outsize=209 ok=1
Cmd: preprocess
  insize=811 outsize=209 ok=1
Cmd: preprocess
  insize=811 outsize=209 ok=1
Cmd: preprocess
  insize=811 outsize=209 ok=1
Cmd: preprocess
  insize=811 outsize=209 ok=1
Cmd: preprocess
  insize=811 outsize=209 ok=1
Cmd: preprocess
  insize=811 outsize=209 ok=1
Cmd: preprocess
  insize=811 outsize=209 ok=1
Cmd: preprocess
  insize=811 outsize=209 ok=1
Cmd: preprocess
  insize=811 outsize=209 ok=1
Cmd: preprocess
  insize=811 outsize=209 ok=1
Cmd: preprocess
  insize=811 outsize=209 ok=1
Cmd: preprocess
  insize=811 outsize=209 ok=1
Cmd: preprocess
  insize=811 outsize=209 ok=1
Cmd: preprocess
  insize=811 outsize=209 ok=1
Cmd: preprocess
  insize=811 outsize=209 ok=1
Cmd: preprocess
  insize=811 outsize=209 ok=1
Cmd: preprocess
  insize=811 outsize=209 ok=1
Cmd: preprocess
  insize=811 outsize=209 ok=1
Cmd: preprocess
  insize=811 outsize=209 ok=1
Cmd: preprocess
  insize=811 outsize=209 ok=1
Cmd: preprocess
  insize=811 outsize=209 ok=1
Cmd: preprocess
  insize=811 outsize=209 ok=1
Cmd: preprocess
  insize=811 outsize=209 ok=1
Cmd: preprocess
  insize=811 outsize=209 ok=1
Cmd: preprocess
  insize=811 outsize=209 ok=1
Cmd: preprocess
  insize=811 outsize=209 ok=1
Cmd: preprocess
  insize=811 outsize=209 ok=1
Cmd: preprocess
  insize=811 outsize=209 ok=1
Cmd: preprocess
  insize=811 outsize=209 ok=1
Cmd: preprocess
  insize=811 outsize=209 ok=1
Cmd: preprocess
  insize=4884 outsize=966 ok=1
Cmd: preprocess
  insize=5052 outsize=957 ok=1
Cmd: preprocess
  insize=5378 outsize=960 ok=1
Cmd: preprocess
  insize=6329 outsize=962 ok=1
Cmd: preprocess
  insize=4699 outsize=967 ok=1
Cmd: preprocess
  insize=15037 outsize=968 ok=1
Cmd: preprocess
  insize=22084 outsize=957 ok=1
Cmd: preprocess
  insize=20697 outsize=962 ok=1
Cmd: preprocess
  insize=16742 outsize=972 ok=1
Cmd: preprocess
  insize=16741 outsize=972 ok=1
Cmd: preprocess
  insize=15675 outsize=974 ok=1
Cmd: preprocess
  insize=15676 outsize=974 ok=1
Cmd: preprocess
  insize=49800 outsize=2277 ok=1
Cmd: preprocess
  insize=4389 outsize=967 ok=1
Cmd: preprocess
  insize=7687 outsize=958 ok=1
Cmd: preprocess
  insize=48395 outsize=2304 ok=1
Cmd: preprocess
  insize=16910 outsize=962 ok=1
Cmd: preprocess
  insize=18392 outsize=957 ok=1
Cmd: preprocess
  insize=45565 outsize=2279 ok=1
Cmd: compileSnippet
  api=4 type=0 insize=9226 outsize=1026 kw=UNITY_PASS_SHADOWCASTER pd=UNITY_ENABLE_REFLECTION_BUFFERS UNITY_USE_DITHER_MASK_FOR_ALPHABLENDED_SHADOWS UNITY_PBS_USE_BRDF1 UNITY_SPECCUBE_BOX_PROJECTION UNITY_SPECCUBE_BLENDING UNITY_ENABLE_DETAIL_NORMALMAP SHADER_API_DESKTOP UNITY_LIGHT_PROBE_PROXY_VOLUME UNITY_LIGHTMAP_FULL_HDR ok=1
Cmd: compileSnippet
  api=4 type=1 insize=9226 outsize=322 kw=UNITY_PASS_SHADOWCASTER pd=UNITY_ENABLE_REFLECTION_BUFFERS UNITY_USE_DITHER_MASK_FOR_ALPHABLENDED_SHADOWS UNITY_PBS_USE_BRDF1 UNITY_SPECCUBE_BOX_PROJECTION UNITY_SPECCUBE_BLENDING UNITY_ENABLE_DETAIL_NORMALMAP SHADER_API_DESKTOP UNITY_LIGHT_PROBE_PROXY_VOLUME UNITY_LIGHTMAP_FULL_HDR ok=1
Cmd: preprocess
  insize=5254 outsize=957 ok=1
Cmd: preprocess
  insize=19336 outsize=962 ok=1
Cmd: preprocess
  insize=20723 outsize=957 ok=1
Cmd: preprocess
  insize=48399 outsize=2280 ok=1
Cmd: preprocess
  insize=811 outsize=209 ok=1
Cmd: preprocess
  insize=811 outsize=209 ok=1
Cmd: preprocess
  insize=811 outsize=209 ok=1
Cmd: preprocess
  insize=811 outsize=209 ok=1
Cmd: preprocess
  insize=811 outsize=209 ok=1
Cmd: preprocess
  insize=811 outsize=209 ok=1
Cmd: preprocess
  insize=811 outsize=209 ok=1
Cmd: preprocess
  insize=811 outsize=209 ok=1
Cmd: preprocess
  insize=811 outsize=209 ok=1
Cmd: preprocess
  insize=811 outsize=209 ok=1
Cmd: preprocess
  insize=811 outsize=209 ok=1
Cmd: preprocess
  insize=811 outsize=209 ok=1
Cmd: preprocess
  insize=811 outsize=209 ok=1
Cmd: preprocess
  insize=811 outsize=209 ok=1
Cmd: preprocess
  insize=811 outsize=209 ok=1
Cmd: preprocess
  insize=811 outsize=209 ok=1
Cmd: preprocess
  insize=811 outsize=209 ok=1
Cmd: preprocess
  insize=811 outsize=209 ok=1
Cmd: preprocess
  insize=811 outsize=209 ok=1
Cmd: preprocess
  insize=811 outsize=209 ok=1
Cmd: preprocess
  insize=811 outsize=209 ok=1
Cmd: preprocess
  insize=811 outsize=209 ok=1
Cmd: preprocess
  insize=811 outsize=209 ok=1
Cmd: preprocess
  insize=811 outsize=209 ok=1
Cmd: preprocess
  insize=811 outsize=209 ok=1
Cmd: preprocess
  insize=811 outsize=209 ok=1
Cmd: preprocess
  insize=811 outsize=209 ok=1
Cmd: preprocess
  insize=811 outsize=209 ok=1
Cmd: preprocess
  insize=811 outsize=209 ok=1
Cmd: preprocess
  insize=811 outsize=209 ok=1
Cmd: preprocess
  insize=811 outsize=209 ok=1
Cmd: preprocess
  insize=811 outsize=209 ok=1
Cmd: preprocess
  insize=811 outsize=209 ok=1
Cmd: preprocess
  insize=4884 outsize=966 ok=1
Cmd: preprocess
  insize=5052 outsize=957 ok=1
Cmd: preprocess
  insize=5378 outsize=960 ok=1
Cmd: preprocess
  insize=6329 outsize=962 ok=1
Cmd: preprocess
  insize=4699 outsize=967 ok=1
Cmd: preprocess
  insize=15037 outsize=968 ok=1
Cmd: preprocess
  insize=20723 outsize=957 ok=1
Cmd: preprocess
  insize=19336 outsize=962 ok=1
Cmd: preprocess
  insize=16742 outsize=972 ok=1
Cmd: preprocess
  insize=16741 outsize=972 ok=1
Cmd: preprocess
  insize=15675 outsize=974 ok=1
Cmd: preprocess
  insize=15676 outsize=974 ok=1
Cmd: preprocess
  insize=48399 outsize=2280 ok=1
Cmd: preprocess
  insize=4389 outsize=967 ok=1
Cmd: preprocess
  insize=5254 outsize=957 ok=1
Cmd: preprocess
  insize=811 outsize=209 ok=1
Cmd: preprocess
  insize=5125 outsize=895 ok=1
Cmd: preprocess
  insize=811 outsize=209 ok=1
Cmd: preprocess
  insize=4656 outsize=836 ok=1
Cmd: preprocess
  insize=4986 outsize=826 ok=1
Cmd: preprocess
  insize=811 outsize=209 ok=1
Cmd: preprocess
  insize=4518 outsize=769 ok=1
Cmd: preprocess
  insize=4848 outsize=759 ok=1
Cmd: preprocess
  insize=811 outsize=209 ok=1
Cmd: preprocess
  insize=4379 outsize=703 ok=1
Cmd: preprocess
  insize=4709 outsize=693 ok=1
Cmd: preprocess
  insize=811 outsize=209 ok=1
Cmd: preprocess
  insize=811 outsize=209 ok=1
Cmd: preprocess
  insize=811 outsize=209 ok=1
Cmd: preprocess
  insize=811 outsize=209 ok=1
Cmd: preprocess
  insize=811 outsize=209 ok=1
Cmd: preprocess
  insize=811 outsize=209 ok=1
Cmd: preprocess
  insize=811 outsize=209 ok=1
Cmd: preprocess
  insize=811 outsize=209 ok=1
Cmd: preprocess
  insize=811 outsize=209 ok=1
Cmd: preprocess
  insize=811 outsize=209 ok=1
Cmd: preprocess
  insize=811 outsize=209 ok=1
Cmd: preprocess
  insize=811 outsize=209 ok=1
Cmd: preprocess
  insize=811 outsize=209 ok=1
Cmd: preprocess
  insize=811 outsize=209 ok=1
Cmd: preprocess
  insize=811 outsize=209 ok=1
Cmd: preprocess
  insize=811 outsize=209 ok=1
Cmd: preprocess
  insize=811 outsize=209 ok=1
Cmd: preprocess
  insize=811 outsize=209 ok=1
Cmd: preprocess
  insize=811 outsize=209 ok=1
Cmd: preprocess
  insize=811 outsize=209 ok=1
Cmd: preprocess
  insize=811 outsize=209 ok=1
Cmd: preprocess
  insize=811 outsize=209 ok=1
Cmd: preprocess
  insize=811 outsize=209 ok=1
Cmd: preprocess
  insize=811 outsize=209 ok=1
Cmd: preprocess
  insize=811 outsize=209 ok=1
Cmd: preprocess
  insize=811 outsize=209 ok=1
Cmd: preprocess
  insize=811 outsize=209 ok=1
Cmd: preprocess
  insize=811 outsize=209 ok=1
Cmd: preprocess
  insize=811 outsize=209 ok=1
Cmd: preprocess
  insize=811 outsize=209 ok=1
Cmd: preprocess
  insize=811 outsize=209 ok=1
Cmd: preprocess
  insize=811 outsize=209 ok=1
Cmd: preprocess
  insize=811 outsize=209 ok=1
Cmd: preprocess
  insize=15297 outsize=710 ok=1
Cmd: preprocess
  insize=15296 outsize=710 ok=1
Cmd: preprocess
  insize=16362 outsize=707 ok=1
Cmd: preprocess
  insize=16363 outsize=708 ok=1
Cmd: preprocess
  insize=18957 outsize=698 ok=1
Cmd: preprocess
  insize=20344 outsize=692 ok=1
Cmd: preprocess
  insize=14658 outsize=703 ok=1
Cmd: preprocess
  insize=4320 outsize=704 ok=1
Cmd: preprocess
  insize=5950 outsize=698 ok=1
Cmd: preprocess
  insize=4999 outsize=698 ok=1
Cmd: preprocess
  insize=4673 outsize=691 ok=1
Cmd: preprocess
  insize=4379 outsize=703 ok=1
Cmd: preprocess
  insize=4709 outsize=693 ok=1
Cmd: preprocess
  insize=4010 outsize=703 ok=1
Cmd: preprocess
  insize=47694 outsize=2014 ok=1
Cmd: preprocess
  insize=811 outsize=209 ok=1
Cmd: preprocess
  insize=811 outsize=209 ok=1
Cmd: preprocess
  insize=811 outsize=209 ok=1
Cmd: preprocess
  insize=811 outsize=209 ok=1
Cmd: preprocess
  insize=811 outsize=209 ok=1
Cmd: preprocess
  insize=811 outsize=209 ok=1
Cmd: preprocess
  insize=811 outsize=209 ok=1
Cmd: preprocess
  insize=811 outsize=209 ok=1
Cmd: preprocess
  insize=811 outsize=209 ok=1
Cmd: preprocess
  insize=811 outsize=209 ok=1
Cmd: preprocess
  insize=811 outsize=209 ok=1
Cmd: preprocess
  insize=811 outsize=209 ok=1
Cmd: preprocess
  insize=811 outsize=209 ok=1
Cmd: preprocess
  insize=811 outsize=209 ok=1
Cmd: preprocess
  insize=811 outsize=209 ok=1
Cmd: preprocess
  insize=811 outsize=209 ok=1
Cmd: preprocess
  insize=811 outsize=209 ok=1
Cmd: preprocess
  insize=811 outsize=209 ok=1
Cmd: preprocess
  insize=811 outsize=209 ok=1
Cmd: preprocess
  insize=811 outsize=209 ok=1
Cmd: preprocess
  insize=811 outsize=209 ok=1
Cmd: preprocess
  insize=811 outsize=209 ok=1
Cmd: preprocess
  insize=811 outsize=209 ok=1
Cmd: preprocess
  insize=811 outsize=209 ok=1
Cmd: preprocess
  insize=811 outsize=209 ok=1
Cmd: preprocess
  insize=811 outsize=209 ok=1
Cmd: preprocess
  insize=811 outsize=209 ok=1
Cmd: preprocess
  insize=811 outsize=209 ok=1
Cmd: preprocess
  insize=811 outsize=209 ok=1
Cmd: preprocess
  insize=811 outsize=209 ok=1
Cmd: preprocess
  insize=811 outsize=209 ok=1
Cmd: preprocess
  insize=811 outsize=209 ok=1
Cmd: preprocess
  insize=811 outsize=209 ok=1
Cmd: preprocess
  insize=15394 outsize=777 ok=1
Cmd: preprocess
  insize=15393 outsize=777 ok=1
Cmd: preprocess
  insize=16459 outsize=775 ok=1
Cmd: preprocess
  insize=16460 outsize=775 ok=1
Cmd: preprocess
  insize=19054 outsize=765 ok=1
Cmd: preprocess
  insize=20441 outsize=760 ok=1
Cmd: preprocess
  insize=14755 outsize=771 ok=1
Cmd: preprocess
  insize=4417 outsize=771 ok=1
Cmd: preprocess
  insize=6047 outsize=763 ok=1
Cmd: preprocess
  insize=5096 outsize=765 ok=1
Cmd: preprocess
  insize=4770 outsize=758 ok=1
Cmd: preprocess
  insize=4518 outsize=769 ok=1
Cmd: preprocess
  insize=4848 outsize=759 ok=1
Cmd: preprocess
  insize=4107 outsize=768 ok=1
Cmd: preprocess
  insize=47875 outsize=2082 ok=1
Cmd: preprocess
  insize=811 outsize=209 ok=1
Cmd: preprocess
  insize=811 outsize=209 ok=1
Cmd: preprocess
  insize=811 outsize=209 ok=1
Cmd: preprocess
  insize=811 outsize=209 ok=1
Cmd: preprocess
  insize=811 outsize=209 ok=1
Cmd: preprocess
  insize=811 outsize=209 ok=1
Cmd: preprocess
  insize=811 outsize=209 ok=1
Cmd: preprocess
  insize=811 outsize=209 ok=1
Cmd: preprocess
  insize=811 outsize=209 ok=1
Cmd: preprocess
  insize=811 outsize=209 ok=1
Cmd: preprocess
  insize=811 outsize=209 ok=1
Cmd: preprocess
  insize=811 outsize=209 ok=1
Cmd: preprocess
  insize=811 outsize=209 ok=1
Cmd: preprocess
  insize=811 outsize=209 ok=1
Cmd: preprocess
  insize=811 outsize=209 ok=1
Cmd: preprocess
  insize=811 outsize=209 ok=1
Cmd: preprocess
  insize=811 outsize=209 ok=1
Cmd: preprocess
  insize=811 outsize=209 ok=1
Cmd: preprocess
  insize=811 outsize=209 ok=1
Cmd: preprocess
  insize=811 outsize=209 ok=1
Cmd: preprocess
  insize=811 outsize=209 ok=1
Cmd: preprocess
  insize=811 outsize=209 ok=1
Cmd: preprocess
  insize=811 outsize=209 ok=1
Cmd: preprocess
  insize=811 outsize=209 ok=1
Cmd: preprocess
  insize=811 outsize=209 ok=1
Cmd: preprocess
  insize=811 outsize=209 ok=1
Cmd: preprocess
  insize=811 outsize=209 ok=1
Cmd: preprocess
  insize=811 outsize=209 ok=1
Cmd: preprocess
  insize=811 outsize=209 ok=1
Cmd: preprocess
  insize=811 outsize=209 ok=1
Cmd: preprocess
  insize=811 outsize=209 ok=1
Cmd: preprocess
  insize=811 outsize=209 ok=1
Cmd: preprocess
  insize=811 outsize=209 ok=1
Cmd: preprocess
  insize=15489 outsize=843 ok=1
Cmd: preprocess
  insize=15488 outsize=842 ok=1
Cmd: preprocess
  insize=16554 outsize=841 ok=1
Cmd: preprocess
  insize=16555 outsize=841 ok=1
Cmd: preprocess
  insize=19149 outsize=831 ok=1
Cmd: preprocess
  insize=20536 outsize=826 ok=1
Cmd: preprocess
  insize=14850 outsize=837 ok=1
Cmd: preprocess
  insize=4512 outsize=837 ok=1
Cmd: preprocess
  insize=6142 outsize=831 ok=1
Cmd: preprocess
  insize=5191 outsize=831 ok=1
Cmd: preprocess
  insize=4865 outsize=825 ok=1
Cmd: preprocess
  insize=4656 outsize=836 ok=1
Cmd: preprocess
  insize=4986 outsize=826 ok=1
Cmd: preprocess
  insize=4202 outsize=836 ok=1
Cmd: preprocess
  insize=48052 outsize=2148 ok=1
Cmd: preprocess
  insize=811 outsize=209 ok=1
Cmd: preprocess
  insize=811 outsize=209 ok=1
Cmd: preprocess
  insize=811 outsize=209 ok=1
Cmd: preprocess
  insize=811 outsize=209 ok=1
Cmd: preprocess
  insize=811 outsize=209 ok=1
Cmd: preprocess
  insize=811 outsize=209 ok=1
Cmd: preprocess
  insize=811 outsize=209 ok=1
Cmd: preprocess
  insize=811 outsize=209 ok=1
Cmd: preprocess
  insize=811 outsize=209 ok=1
Cmd: preprocess
  insize=811 outsize=209 ok=1
Cmd: preprocess
  insize=811 outsize=209 ok=1
Cmd: preprocess
  insize=811 outsize=209 ok=1
Cmd: preprocess
  insize=811 outsize=209 ok=1
Cmd: preprocess
  insize=811 outsize=209 ok=1
Cmd: preprocess
  insize=811 outsize=209 ok=1
Cmd: preprocess
  insize=811 outsize=209 ok=1
Cmd: preprocess
  insize=811 outsize=209 ok=1
Cmd: preprocess
  insize=811 outsize=209 ok=1
Cmd: preprocess
  insize=811 outsize=209 ok=1
Cmd: preprocess
  insize=811 outsize=209 ok=1
Cmd: preprocess
  insize=811 outsize=209 ok=1
Cmd: preprocess
  insize=811 outsize=209 ok=1
Cmd: preprocess
  insize=811 outsize=209 ok=1
Cmd: preprocess
  insize=811 outsize=209 ok=1
Cmd: preprocess
  insize=811 outsize=209 ok=1
Cmd: preprocess
  insize=811 outsize=209 ok=1
Cmd: preprocess
  insize=811 outsize=209 ok=1
Cmd: preprocess
  insize=811 outsize=209 ok=1
Cmd: preprocess
  insize=811 outsize=209 ok=1
Cmd: preprocess
  insize=811 outsize=209 ok=1
Cmd: preprocess
  insize=811 outsize=209 ok=1
Cmd: preprocess
  insize=811 outsize=209 ok=1
Cmd: preprocess
  insize=811 outsize=209 ok=1
Cmd: preprocess
  insize=15587 outsize=912 ok=1
Cmd: preprocess
  insize=15586 outsize=912 ok=1
Cmd: preprocess
  insize=16652 outsize=910 ok=1
Cmd: preprocess
  insize=16653 outsize=910 ok=1
Cmd: preprocess
  insize=19247 outsize=899 ok=1
Cmd: preprocess
  insize=20634 outsize=895 ok=1
Cmd: preprocess
  insize=14948 outsize=906 ok=1
Cmd: preprocess
  insize=4610 outsize=906 ok=1
Cmd: preprocess
  insize=6240 outsize=899 ok=1
Cmd: preprocess
  insize=5289 outsize=900 ok=1
Cmd: preprocess
  insize=4963 outsize=894 ok=1
Cmd: preprocess
  insize=4795 outsize=905 ok=1
Cmd: preprocess
  insize=5125 outsize=895 ok=1
Cmd: preprocess
  insize=4300 outsize=905 ok=1
Cmd: preprocess
  insize=48232 outsize=2217 ok=1
Cmd: preprocess
  insize=811 outsize=209 ok=1
Cmd: preprocess
  insize=811 outsize=209 ok=1
Cmd: preprocess
  insize=811 outsize=209 ok=1
Cmd: preprocess
  insize=811 outsize=209 ok=1
Cmd: preprocess
  insize=811 outsize=209 ok=1
Cmd: preprocess
  insize=811 outsize=209 ok=1
Cmd: preprocess
  insize=811 outsize=209 ok=1
Cmd: preprocess
  insize=811 outsize=209 ok=1
Cmd: preprocess
  insize=811 outsize=209 ok=1
Cmd: preprocess
  insize=811 outsize=209 ok=1
Cmd: preprocess
  insize=811 outsize=209 ok=1
Cmd: preprocess
  insize=811 outsize=209 ok=1
Cmd: preprocess
  insize=811 outsize=209 ok=1
Cmd: preprocess
  insize=811 outsize=209 ok=1
Cmd: preprocess
  insize=811 outsize=209 ok=1
Cmd: preprocess
  insize=811 outsize=209 ok=1
Cmd: preprocess
  insize=811 outsize=209 ok=1
Cmd: preprocess
  insize=811 outsize=209 ok=1
Cmd: preprocess
  insize=811 outsize=209 ok=1
Cmd: preprocess
  insize=811 outsize=209 ok=1
Cmd: preprocess
  insize=811 outsize=209 ok=1
Cmd: preprocess
  insize=811 outsize=209 ok=1
Cmd: preprocess
  insize=811 outsize=209 ok=1
Cmd: preprocess
  insize=811 outsize=209 ok=1
Cmd: preprocess
  insize=811 outsize=209 ok=1
Cmd: preprocess
  insize=811 outsize=209 ok=1
Cmd: preprocess
  insize=811 outsize=209 ok=1
Cmd: preprocess
  insize=811 outsize=209 ok=1
Cmd: preprocess
  insize=811 outsize=209 ok=1
Cmd: preprocess
  insize=811 outsize=209 ok=1
Cmd: preprocess
  insize=811 outsize=209 ok=1
Cmd: preprocess
  insize=811 outsize=209 ok=1
Cmd: preprocess
  insize=811 outsize=209 ok=1
Cmd: preprocess
  insize=15676 outsize=974 ok=1
Cmd: preprocess
  insize=15675 outsize=974 ok=1
Cmd: preprocess
  insize=16741 outsize=972 ok=1
Cmd: preprocess
  insize=16742 outsize=972 ok=1
Cmd: preprocess
  insize=19336 outsize=962 ok=1
Cmd: preprocess
  insize=20723 outsize=957 ok=1
Cmd: preprocess
  insize=15037 outsize=968 ok=1
Cmd: preprocess
  insize=4699 outsize=967 ok=1
Cmd: preprocess
  insize=6329 outsize=962 ok=1
Cmd: preprocess
  insize=5378 outsize=960 ok=1
Cmd: preprocess
  insize=5052 outsize=957 ok=1
Cmd: preprocess
  insize=4884 outsize=966 ok=1
Cmd: preprocess
  insize=5254 outsize=957 ok=1
Cmd: preprocess
  insize=4389 outsize=967 ok=1
Cmd: preprocess
  insize=48399 outsize=2280 ok=1
Cmd: preprocess
  insize=811 outsize=209 ok=1
Cmd: preprocess
  insize=811 outsize=209 ok=1
Cmd: preprocess
  insize=811 outsize=209 ok=1
Cmd: preprocess
  insize=811 outsize=209 ok=1
Cmd: preprocess
  insize=811 outsize=209 ok=1
Cmd: preprocess
  insize=811 outsize=209 ok=1
Cmd: preprocess
  insize=811 outsize=209 ok=1
Cmd: preprocess
  insize=811 outsize=209 ok=1
Cmd: preprocess
  insize=811 outsize=209 ok=1
Cmd: preprocess
  insize=811 outsize=209 ok=1
Cmd: preprocess
  insize=811 outsize=209 ok=1
Cmd: preprocess
  insize=811 outsize=209 ok=1
Cmd: preprocess
  insize=811 outsize=209 ok=1
Cmd: preprocess
  insize=811 outsize=209 ok=1
Cmd: preprocess
  insize=811 outsize=209 ok=1
Cmd: preprocess
  insize=811 outsize=209 ok=1
Cmd: preprocess
  insize=811 outsize=209 ok=1
Cmd: preprocess
  insize=811 outsize=209 ok=1
Cmd: preprocess
  insize=811 outsize=209 ok=1
Cmd: preprocess
  insize=811 outsize=209 ok=1
Cmd: preprocess
  insize=811 outsize=209 ok=1
Cmd: preprocess
  insize=811 outsize=209 ok=1
Cmd: preprocess
  insize=811 outsize=209 ok=1
Cmd: preprocess
  insize=811 outsize=209 ok=1
Cmd: preprocess
  insize=811 outsize=209 ok=1
Cmd: preprocess
  insize=811 outsize=209 ok=1
Cmd: preprocess
  insize=811 outsize=209 ok=1
Cmd: preprocess
  insize=811 outsize=209 ok=1
Cmd: preprocess
  insize=811 outsize=209 ok=1
Cmd: preprocess
  insize=811 outsize=209 ok=1
Cmd: preprocess
  insize=811 outsize=209 ok=1
Cmd: preprocess
  insize=811 outsize=209 ok=1
Cmd: preprocess
  insize=811 outsize=209 ok=1
Cmd: preprocess
  insize=4884 outsize=966 ok=1
Cmd: preprocess
  insize=5052 outsize=957 ok=1
Cmd: preprocess
  insize=5378 outsize=960 ok=1
Cmd: preprocess
  insize=6329 outsize=962 ok=1
Cmd: preprocess
  insize=4699 outsize=967 ok=1
Cmd: preprocess
  insize=15037 outsize=968 ok=1
Cmd: preprocess
  insize=18392 outsize=957 ok=1
Cmd: preprocess
  insize=16910 outsize=962 ok=1
Cmd: preprocess
  insize=16742 outsize=972 ok=1
Cmd: preprocess
  insize=16741 outsize=972 ok=1
Cmd: preprocess
  insize=15675 outsize=974 ok=1
Cmd: preprocess
  insize=15676 outsize=974 ok=1
Cmd: preprocess
  insize=45565 outsize=2279 ok=1
Cmd: preprocess
  insize=4389 outsize=967 ok=1
Cmd: preprocess
  insize=5254 outsize=957 ok=1
Cmd: preprocess
  insize=811 outsize=209 ok=1
Cmd: preprocess
  insize=811 outsize=209 ok=1
Cmd: preprocess
  insize=811 outsize=209 ok=1
Cmd: preprocess
  insize=811 outsize=209 ok=1
Cmd: preprocess
  insize=811 outsize=209 ok=1
Cmd: preprocess
  insize=811 outsize=209 ok=1
Cmd: preprocess
  insize=811 outsize=209 ok=1
Cmd: preprocess
  insize=811 outsize=209 ok=1
Cmd: preprocess
  insize=811 outsize=209 ok=1
Cmd: preprocess
  insize=811 outsize=209 ok=1
Cmd: preprocess
  insize=811 outsize=209 ok=1
Cmd: preprocess
  insize=811 outsize=209 ok=1
Cmd: preprocess
  insize=811 outsize=209 ok=1
Cmd: preprocess
  insize=811 outsize=209 ok=1
Cmd: preprocess
  insize=811 outsize=209 ok=1
Cmd: preprocess
  insize=811 outsize=209 ok=1
Cmd: preprocess
  insize=811 outsize=209 ok=1
Cmd: preprocess
  insize=811 outsize=209 ok=1
Cmd: preprocess
  insize=811 outsize=209 ok=1
Cmd: preprocess
  insize=811 outsize=209 ok=1
Cmd: preprocess
  insize=811 outsize=209 ok=1
Cmd: preprocess
  insize=811 outsize=209 ok=1
Cmd: preprocess
  insize=811 outsize=209 ok=1
Cmd: preprocess
  insize=811 outsize=209 ok=1
Cmd: preprocess
  insize=811 outsize=209 ok=1
Cmd: preprocess
  insize=811 outsize=209 ok=1
Cmd: preprocess
  insize=811 outsize=209 ok=1
Cmd: preprocess
  insize=811 outsize=209 ok=1
Cmd: preprocess
  insize=811 outsize=209 ok=1
Cmd: preprocess
  insize=811 outsize=209 ok=1
Cmd: preprocess
  insize=811 outsize=209 ok=1
Cmd: preprocess
  insize=811 outsize=209 ok=1
Cmd: preprocess
  insize=811 outsize=209 ok=1
Cmd: preprocess
  insize=4884 outsize=966 ok=1
Cmd: preprocess
  insize=5052 outsize=957 ok=1
Cmd: preprocess
  insize=5378 outsize=960 ok=1
Cmd: preprocess
  insize=6329 outsize=962 ok=1
Cmd: preprocess
  insize=4699 outsize=967 ok=1
Cmd: preprocess
  insize=15037 outsize=968 ok=1
Cmd: preprocess
  insize=18392 outsize=957 ok=1
Cmd: preprocess
  insize=16910 outsize=962 ok=1
Cmd: preprocess
  insize=16742 outsize=972 ok=1
Cmd: preprocess
  insize=16741 outsize=972 ok=1
Cmd: preprocess
  insize=15675 outsize=974 ok=1
Cmd: preprocess
  insize=15676 outsize=974 ok=1
Cmd: preprocess
  insize=45565 outsize=2279 ok=1
Cmd: preprocess
  insize=4389 outsize=967 ok=1
Cmd: preprocess
  insize=7687 outsize=958 ok=1
Cmd: preprocess
  insize=811 outsize=209 ok=1
Cmd: preprocess
  insize=811 outsize=209 ok=1
Cmd: preprocess
  insize=811 outsize=209 ok=1
Cmd: preprocess
  insize=811 outsize=209 ok=1
Cmd: preprocess
  insize=811 outsize=209 ok=1
Cmd: preprocess
  insize=811 outsize=209 ok=1
Cmd: preprocess
  insize=811 outsize=209 ok=1
Cmd: preprocess
  insize=811 outsize=209 ok=1
Cmd: preprocess
  insize=811 outsize=209 ok=1
Cmd: preprocess
  insize=811 outsize=209 ok=1
Cmd: preprocess
  insize=811 outsize=209 ok=1
Cmd: preprocess
  insize=811 outsize=209 ok=1
Cmd: preprocess
  insize=811 outsize=209 ok=1
Cmd: preprocess
  insize=811 outsize=209 ok=1
Cmd: preprocess
  insize=811 outsize=209 ok=1
Cmd: preprocess
  insize=811 outsize=209 ok=1
Cmd: preprocess
  insize=811 outsize=209 ok=1
Cmd: preprocess
  insize=811 outsize=209 ok=1
Cmd: preprocess
  insize=811 outsize=209 ok=1
Cmd: preprocess
  insize=811 outsize=209 ok=1
Cmd: preprocess
  insize=811 outsize=209 ok=1
Cmd: preprocess
  insize=811 outsize=209 ok=1
Cmd: preprocess
  insize=811 outsize=209 ok=1
Cmd: preprocess
  insize=811 outsize=209 ok=1
Cmd: preprocess
  insize=811 outsize=209 ok=1
Cmd: preprocess
  insize=811 outsize=209 ok=1
Cmd: preprocess
  insize=811 outsize=209 ok=1
Cmd: preprocess
  insize=811 outsize=209 ok=1
Cmd: preprocess
  insize=811 outsize=209 ok=1
Cmd: preprocess
  insize=811 outsize=209 ok=1
Cmd: preprocess
  insize=811 outsize=209 ok=1
Cmd: preprocess
  insize=811 outsize=209 ok=1
Cmd: preprocess
  insize=811 outsize=209 ok=1
Cmd: preprocess
  insize=4884 outsize=966 ok=1
Cmd: preprocess
  insize=5052 outsize=957 ok=1
Cmd: preprocess
  insize=5378 outsize=960 ok=1
Cmd: preprocess
  insize=6329 outsize=962 ok=1
Cmd: preprocess
  insize=4699 outsize=967 ok=1
Cmd: preprocess
  insize=15037 outsize=968 ok=1
Cmd: preprocess
  insize=22084 outsize=957 ok=1
Cmd: preprocess
  insize=20697 outsize=962 ok=1
Cmd: preprocess
  insize=16742 outsize=972 ok=1
Cmd: preprocess
  insize=16741 outsize=972 ok=1
Cmd: preprocess
  insize=15675 outsize=974 ok=1
Cmd: preprocess
  insize=15676 outsize=974 ok=1
Cmd: preprocess
  insize=49800 outsize=2277 ok=1
Cmd: preprocess
  insize=4389 outsize=967 ok=1
Cmd: preprocess
  insize=7687 outsize=958 ok=1
Cmd: preprocess
  insize=811 outsize=209 ok=1
Cmd: preprocess
  insize=811 outsize=209 ok=1
Cmd: preprocess
  insize=811 outsize=209 ok=1
Cmd: preprocess
  insize=811 outsize=209 ok=1
Cmd: preprocess
  insize=811 outsize=209 ok=1
Cmd: preprocess
  insize=811 outsize=209 ok=1
Cmd: preprocess
  insize=811 outsize=209 ok=1
Cmd: preprocess
  insize=811 outsize=209 ok=1
Cmd: preprocess
  insize=811 outsize=209 ok=1
Cmd: preprocess
  insize=811 outsize=209 ok=1
Cmd: preprocess
  insize=811 outsize=209 ok=1
Cmd: preprocess
  insize=811 outsize=209 ok=1
Cmd: preprocess
  insize=811 outsize=209 ok=1
Cmd: preprocess
  insize=811 outsize=209 ok=1
Cmd: preprocess
  insize=811 outsize=209 ok=1
Cmd: preprocess
  insize=811 outsize=209 ok=1
Cmd: preprocess
  insize=811 outsize=209 ok=1
Cmd: preprocess
  insize=811 outsize=209 ok=1
Cmd: preprocess
  insize=811 outsize=209 ok=1
Cmd: preprocess
  insize=811 outsize=209 ok=1
Cmd: preprocess
  insize=811 outsize=209 ok=1
Cmd: preprocess
  insize=811 outsize=209 ok=1
Cmd: preprocess
  insize=811 outsize=209 ok=1
Cmd: preprocess
  insize=811 outsize=209 ok=1
Cmd: preprocess
  insize=811 outsize=209 ok=1
Cmd: preprocess
  insize=811 outsize=209 ok=1
Cmd: preprocess
  insize=811 outsize=209 ok=1
Cmd: preprocess
  insize=811 outsize=209 ok=1
Cmd: preprocess
  insize=811 outsize=209 ok=1
Cmd: preprocess
  insize=811 outsize=209 ok=1
Cmd: preprocess
  insize=811 outsize=209 ok=1
Cmd: preprocess
  insize=811 outsize=209 ok=1
Cmd: preprocess
  insize=811 outsize=209 ok=1
Cmd: preprocess
  insize=4884 outsize=966 ok=1
Cmd: preprocess
  insize=5052 outsize=957 ok=1
Cmd: preprocess
  insize=5378 outsize=960 ok=1
Cmd: preprocess
  insize=6329 outsize=962 ok=1
Cmd: preprocess
  insize=4699 outsize=967 ok=1
Cmd: preprocess
  insize=15037 outsize=968 ok=1
Cmd: preprocess
  insize=22084 outsize=957 ok=1
Cmd: preprocess
  insize=20697 outsize=962 ok=1
Cmd: preprocess
  insize=16742 outsize=972 ok=1
Cmd: preprocess
  insize=16741 outsize=972 ok=1
Cmd: preprocess
  insize=15675 outsize=974 ok=1
Cmd: preprocess
  insize=15676 outsize=974 ok=1
Cmd: preprocess
  insize=49800 outsize=2277 ok=1
Cmd: preprocess
  insize=4389 outsize=967 ok=1
Cmd: preprocess
  insize=7687 outsize=958 ok=1
Cmd: preprocess
  insize=48397 outsize=2306 ok=1
Cmd: preprocess
  insize=48395 outsize=2304 ok=1
Cmd: preprocess
  insize=16910 outsize=962 ok=1
Cmd: preprocess
  insize=18392 outsize=957 ok=1
Cmd: preprocess
  insize=45565 outsize=2279 ok=1
Cmd: preprocess
  insize=5254 outsize=957 ok=1
Cmd: preprocess
  insize=18957 outsize=698 ok=1
Cmd: preprocess
  insize=20344 outsize=692 ok=1
Cmd: preprocess
  insize=47694 outsize=2014 ok=1
Cmd: preprocess
  insize=46289 outsize=2039 ok=1
Cmd: preprocess
  insize=46289 outsize=2039 ok=1
